# JRE version: Java(TM) SE Runtime Environment (8.0_91-b15) (build 1.8.0_91-b15)
# Java VM: Java HotSpot(TM) 64-Bit Server VM (25.91-b15 mixed mode windows-amd64 compressed oops)
Heap:
 PSYoungGen      total 595456K, used 132629K [0x00000000d5c00000, 0x00000000fc280000, 0x0000000100000000)
  eden space 562688K, 23% used [0x00000000d5c00000,0x00000000ddd854e8,0x00000000f8180000)
  from space 32768K, 0% used [0x00000000fa280000,0x00000000fa280000,0x00000000fc280000)
  to   space 33280K, 0% used [0x00000000f8180000,0x00000000f8180000,0x00000000fa200000)
 ParOldGen       total 94720K, used 29270K [0x0000000081400000, 0x0000000087080000, 0x00000000d5c00000)
  object space 94720K, 30% used [0x0000000081400000,0x0000000083095988,0x0000000087080000)
 Metaspace       used 37691K, capacity 38410K, committed 38616K, reserved 1083392K
  class space    used 4913K, capacity 5088K, committed 5120K, reserved 1048576K
GC Heap History (10 events):
Event: 6.887 GC heap before
{Heap before GC invocations=8 (full 1):
 PSYoungGen      total 242688K, used 242681K [0x00000000d5c00000, 0x00000000e5800000, 0x0000000100000000)
  eden space 232960K, 100% used [0x00000000d5c00000,0x00000000e3f80000,0x00000000e3f80000)
  from space 9728K, 99% used [0x00000000e4e80000,0x00000000e57fe6c0,0x00000000e5800000)
  to   space 12288K, 0% used [0x00000000e4000000,0x00000000e4000000,0x00000000e4c00000)
 ParOldGen       total 51712K, used 10679K [0x0000000081400000, 0x0000000084680000, 0x00000000d5c00000)
  object space 51712K, 20% used [0x0000000081400000,0x0000000081e6dd08,0x0000000084680000)
 Metaspace       used 31075K, capacity 31554K, committed 31872K, reserved 1077248K
  class space    used 4025K, capacity 4140K, committed 4224K, reserved 1048576K
Event: 6.936 GC heap after
Heap after GC invocations=8 (full 1):
 PSYoungGen      total 245760K, used 12277K [0x00000000d5c00000, 0x00000000f0f00000, 0x0000000100000000)
  eden space 233472K, 0% used [0x00000000d5c00000,0x00000000d5c00000,0x00000000e4000000)
  from space 12288K, 99% used [0x00000000e4000000,0x00000000e4bfd660,0x00000000e4c00000)
  to   space 20480K, 0% used [0x00000000efb00000,0x00000000efb00000,0x00000000f0f00000)
 ParOldGen       total 51712K, used 23816K [0x0000000081400000, 0x0000000084680000, 0x00000000d5c00000)
  object space 51712K, 46% used [0x0000000081400000,0x0000000082b422b8,0x0000000084680000)
 Metaspace       used 31075K, capacity 31554K, committed 31872K, reserved 1077248K
  class space    used 4025K, capacity 4140K, committed 4224K, reserved 1048576K
}
Event: 8.979 GC heap before
{Heap before GC invocations=9 (full 1):
 PSYoungGen      total 245760K, used 245749K [0x00000000d5c00000, 0x00000000f0f00000, 0x0000000100000000)
  eden space 233472K, 100% used [0x00000000d5c00000,0x00000000e4000000,0x00000000e4000000)
  from space 12288K, 99% used [0x00000000e4000000,0x00000000e4bfd660,0x00000000e4c00000)
  to   space 20480K, 0% used [0x00000000efb00000,0x00000000efb00000,0x00000000f0f00000)
 ParOldGen       total 51712K, used 23816K [0x0000000081400000, 0x0000000084680000, 0x00000000d5c00000)
  object space 51712K, 46% used [0x0000000081400000,0x0000000082b422b8,0x0000000084680000)
 Metaspace       used 32096K, capacity 32544K, committed 32768K, reserved 1077248K
  class space    used 4171K, capacity 4273K, committed 4352K, reserved 1048576K
Event: 9.001 GC heap after
Heap after GC invocations=9 (full 1):
 PSYoungGen      total 416256K, used 20451K [0x00000000d5c00000, 0x00000000f0f80000, 0x0000000100000000)
  eden space 395776K, 0% used [0x00000000d5c00000,0x00000000d5c00000,0x00000000ede80000)
  from space 20480K, 99% used [0x00000000efb00000,0x00000000f0ef8f88,0x00000000f0f00000)
  to   space 25088K, 0% used [0x00000000ede80000,0x00000000ede80000,0x00000000ef700000)
 ParOldGen       total 51712K, used 26022K [0x0000000081400000, 0x0000000084680000, 0x00000000d5c00000)
  object space 51712K, 50% used [0x0000000081400000,0x0000000082d69810,0x0000000084680000)
 Metaspace       used 32096K, capacity 32544K, committed 32768K, reserved 1077248K
  class space    used 4171K, capacity 4273K, committed 4352K, reserved 1048576K
}
Event: 11.061 GC heap before
{Heap before GC invocations=10 (full 1):
 PSYoungGen      total 416256K, used 416227K [0x00000000d5c00000, 0x00000000f0f80000, 0x0000000100000000)
  eden space 395776K, 100% used [0x00000000d5c00000,0x00000000ede80000,0x00000000ede80000)
  from space 20480K, 99% used [0x00000000efb00000,0x00000000f0ef8f88,0x00000000f0f00000)
  to   space 25088K, 0% used [0x00000000ede80000,0x00000000ede80000,0x00000000ef700000)
 ParOldGen       total 51712K, used 26022K [0x0000000081400000, 0x0000000084680000, 0x00000000d5c00000)
  object space 51712K, 50% used [0x0000000081400000,0x0000000082d69810,0x0000000084680000)
 Metaspace       used 34447K, capacity 35052K, committed 35200K, reserved 1079296K
  class space    used 4486K, capacity 4628K, committed 4736K, reserved 1048576K
Event: 11.136 GC heap after
Heap after GC invocations=10 (full 1):
 PSYoungGen      total 420864K, used 25087K [0x00000000d5c00000, 0x00000000fc380000, 0x0000000100000000)
  eden space 395776K, 0% used [0x00000000d5c00000,0x00000000d5c00000,0x00000000ede80000)
  from space 25088K, 99% used [0x00000000ede80000,0x00000000ef6ffce0,0x00000000ef700000)
  to   space 33792K, 0% used [0x00000000fa280000,0x00000000fa280000,0x00000000fc380000)
 ParOldGen       total 51712K, used 38552K [0x0000000081400000, 0x0000000084680000, 0x00000000d5c00000)
  object space 51712K, 74% used [0x0000000081400000,0x00000000839a6288,0x0000000084680000)
 Metaspace       used 34447K, capacity 35052K, committed 35200K, reserved 1079296K
  class space    used 4486K, capacity 4628K, committed 4736K, reserved 1048576K
}
Event: 12.286 GC heap before
{Heap before GC invocations=11 (full 1):
 PSYoungGen      total 420864K, used 49266K [0x00000000d5c00000, 0x00000000fc380000, 0x0000000100000000)
  eden space 395776K, 6% used [0x00000000d5c00000,0x00000000d739ce58,0x00000000ede80000)
  from space 25088K, 99% used [0x00000000ede80000,0x00000000ef6ffce0,0x00000000ef700000)
  to   space 33792K, 0% used [0x00000000fa280000,0x00000000fa280000,0x00000000fc380000)
 ParOldGen       total 51712K, used 38552K [0x0000000081400000, 0x0000000084680000, 0x00000000d5c00000)
  object space 51712K, 74% used [0x0000000081400000,0x00000000839a6288,0x0000000084680000)
 Metaspace       used 34730K, capacity 35288K, committed 35416K, reserved 1079296K
  class space    used 4520K, capacity 4662K, committed 4736K, reserved 1048576K
Event: 12.324 GC heap after
Heap after GC invocations=11 (full 1):
 PSYoungGen      total 595456K, used 7612K [0x00000000d5c00000, 0x00000000fc280000, 0x0000000100000000)
  eden space 562688K, 0% used [0x00000000d5c00000,0x00000000d5c00000,0x00000000f8180000)
  from space 32768K, 23% used [0x00000000fa280000,0x00000000fa9ef3c8,0x00000000fc280000)
  to   space 33280K, 0% used [0x00000000f8180000,0x00000000f8180000,0x00000000fa200000)
 ParOldGen       total 51712K, used 47633K [0x0000000081400000, 0x0000000084680000, 0x00000000d5c00000)
  object space 51712K, 92% used [0x0000000081400000,0x0000000084284680,0x0000000084680000)
 Metaspace       used 34730K, capacity 35288K, committed 35416K, reserved 1079296K
  class space    used 4520K, capacity 4662K, committed 4736K, reserved 1048576K
}
Event: 12.324 GC heap before
{Heap before GC invocations=12 (full 2):
 PSYoungGen      total 595456K, used 7612K [0x00000000d5c00000, 0x00000000fc280000, 0x0000000100000000)
  eden space 562688K, 0% used [0x00000000d5c00000,0x00000000d5c00000,0x00000000f8180000)
  from space 32768K, 23% used [0x00000000fa280000,0x00000000fa9ef3c8,0x00000000fc280000)
  to   space 33280K, 0% used [0x00000000f8180000,0x00000000f8180000,0x00000000fa200000)
 ParOldGen       total 51712K, used 47633K [0x0000000081400000, 0x0000000084680000, 0x00000000d5c00000)
  object space 51712K, 92% used [0x0000000081400000,0x0000000084284680,0x0000000084680000)
 Metaspace       used 34730K, capacity 35288K, committed 35416K, reserved 1079296K
  class space    used 4520K, capacity 4662K, committed 4736K, reserved 1048576K
Event: 12.468 GC heap after
Heap after GC invocations=12 (full 2):
 PSYoungGen      total 595456K, used 0K [0x00000000d5c00000, 0x00000000fc280000, 0x0000000100000000)
  eden space 562688K, 0% used [0x00000000d5c00000,0x00000000d5c00000,0x00000000f8180000)
  from space 32768K, 0% used [0x00000000fa280000,0x00000000fa280000,0x00000000fc280000)
  to   space 33280K, 0% used [0x00000000f8180000,0x00000000f8180000,0x00000000fa200000)
 ParOldGen       total 94720K, used 29270K [0x0000000081400000, 0x0000000087080000, 0x00000000d5c00000)
  object space 94720K, 30% used [0x0000000081400000,0x0000000083095988,0x0000000087080000)
 Metaspace       used 34730K, capacity 35288K, committed 35416K, reserved 1079296K
  class space    used 4520K, capacity 4662K, committed 4736K, reserved 1048576K
}

